<?xml version="1.0" encoding="utf-8"?><testsuites name="pytest tests"><testsuite name="pytest" errors="0" failures="0" skipped="0" tests="9" time="43.584" timestamp="2026-09-15T20:18:07.536143+00:00" hostname="agent-env-4bf460f8-3e59-40aa-833e-9f04c607438f"><testcase classname="backend.tests.test_new_features.TestCitationStyle" name="test_default_apa" time="0.511" /><testcase classname="backend.tests.test_new_features.TestCitationStyle" name="test_mla_persists" time="0.232" /><testcase classname="backend.tests.test_new_features.TestSuggestedReferences" name="test_returns_refs" time="1.542" /><testcase classname="backend.tests.test_new_features.TestSuggestedReferences" name="test_404_wrong_assignment" time="0.132" /><testcase classname="backend.tests.test_new_features.TestFreeAICheck" name="test_valid_short" time="6.331" /><testcase classname="backend.tests.test_new_features.TestFreeAICheck" name="test_over_limit_400" time="0.169" /><testcase classname="backend.tests.test_new_features.TestFreeAICheck" name="test_empty_400" time="0.086" /><testcase classname="backend.tests.test_new_features.TestRewriteCoachCap" name="test_accepts_30k" time="6.371" /><testcase classname="backend.tests.test_new_features.TestMandatoryComponents" name="test_draft_has_cover_toc_refs_appendix" time="28.079" /></testsuite></testsuites>