<?xml version="1.0" encoding="utf-8"?><testsuites name="pytest tests"><testsuite name="pytest" errors="0" failures="1" skipped="0" tests="17" time="45.022" timestamp="2026-05-02T07:02:50.815956+00:00" hostname="agent-env-4bf460f8-3e59-40aa-833e-9f04c607438f"><testcase classname="backend.tests.test_scholar_backend.TestAuth" name="test_login_valid" time="1.586" /><testcase classname="backend.tests.test_scholar_backend.TestAuth" name="test_login_invalid" time="0.437" /><testcase classname="backend.tests.test_scholar_backend.TestAuth" name="test_me" time="0.408" /><testcase classname="backend.tests.test_scholar_backend.TestAuth" name="test_me_unauthorized" time="0.424" /><testcase classname="backend.tests.test_scholar_backend.TestPricing" name="test_price_small" time="0.401" /><testcase classname="backend.tests.test_scholar_backend.TestPricing" name="test_price_5000_no_discount" time="0.426" /><testcase classname="backend.tests.test_scholar_backend.TestPricing" name="test_price_10000_discount" time="0.421" /><testcase classname="backend.tests.test_scholar_backend.TestPricing" name="test_price_invalid" time="0.397" /><testcase classname="backend.tests.test_scholar_backend.TestAssignments" name="test_create_assignment" time="0.425" /><testcase classname="backend.tests.test_scholar_backend.TestAssignments" name="test_list_assignments" time="0.401" /><testcase classname="backend.tests.test_scholar_backend.TestAssignments" name="test_get_assignment" time="0.409" /><testcase classname="backend.tests.test_scholar_backend.TestAssignments" name="test_generate_rejects_unpaid" time="0.409" /><testcase classname="backend.tests.test_scholar_backend.TestAssignments" name="test_upload_txt" time="0.826" /><testcase classname="backend.tests.test_scholar_backend.TestPayments" name="test_checkout_creates_session" time="1.036" /><testcase classname="backend.tests.test_scholar_backend.TestPayments" name="test_checkout_rejects_when_paid" time="0.895" /><testcase classname="backend.tests.test_scholar_backend.TestAIGeneration" name="test_generation_bypass_flow" time="30.889"><failure message="requests.exceptions.ReadTimeout: HTTPSConnectionPool(host='study-outline-hub.preview.emergentagent.com', port=443): Read timed out. (read timeout=30)">/root/.venv/lib/python3.11/site-packages/urllib3/connectionpool.py:534: in _make_request
    response = conn.getresponse()
               ^^^^^^^^^^^^^^^^^^
/root/.venv/lib/python3.11/site-packages/urllib3/connection.py:571: in getresponse
    httplib_response = super().getresponse()
                       ^^^^^^^^^^^^^^^^^^^^^
/usr/local/lib/python3.11/http/client.py:1415: in getresponse
    response.begin()
/usr/local/lib/python3.11/http/client.py:330: in begin
    version, status, reason = self._read_status()
                              ^^^^^^^^^^^^^^^^^^^
/usr/local/lib/python3.11/http/client.py:291: in _read_status
    line = str(self.fp.readline(_MAXLINE + 1), "iso-8859-1")
               ^^^^^^^^^^^^^^^^^^^^^^^^^^^^^^
/usr/local/lib/python3.11/socket.py:718: in readinto
    return self._sock.recv_into(b)
           ^^^^^^^^^^^^^^^^^^^^^^^
/usr/local/lib/python3.11/ssl.py:1314: in recv_into
    return self.read(nbytes, buffer)
           ^^^^^^^^^^^^^^^^^^^^^^^^^
/usr/local/lib/python3.11/ssl.py:1166: in read
    return self._sslobj.read(len, buffer)
           ^^^^^^^^^^^^^^^^^^^^^^^^^^^^^^
E   TimeoutError: The read operation timed out

The above exception was the direct cause of the following exception:
/root/.venv/lib/python3.11/site-packages/requests/adapters.py:644: in send
    resp = conn.urlopen(
/root/.venv/lib/python3.11/site-packages/urllib3/connectionpool.py:841: in urlopen
    retries = retries.increment(
/root/.venv/lib/python3.11/site-packages/urllib3/util/retry.py:490: in increment
    raise reraise(type(error), error, _stacktrace)
          ^^^^^^^^^^^^^^^^^^^^^^^^^^^^^^^^^^^^^^^^
/root/.venv/lib/python3.11/site-packages/urllib3/util/util.py:39: in reraise
    raise value
/root/.venv/lib/python3.11/site-packages/urllib3/connectionpool.py:787: in urlopen
    response = self._make_request(
/root/.venv/lib/python3.11/site-packages/urllib3/connectionpool.py:536: in _make_request
    self._raise_timeout(err=e, url=url, timeout_value=read_timeout)
/root/.venv/lib/python3.11/site-packages/urllib3/connectionpool.py:367: in _raise_timeout
    raise ReadTimeoutError(
E   urllib3.exceptions.ReadTimeoutError: HTTPSConnectionPool(host='study-outline-hub.preview.emergentagent.com', port=443): Read timed out. (read timeout=30)

During handling of the above exception, another exception occurred:
backend/tests/test_scholar_backend.py:208: in test_generation_bypass_flow
    r2 = requests.post(f"{API}/assignments/{aid}/generate", headers=headers, timeout=30)
         ^^^^^^^^^^^^^^^^^^^^^^^^^^^^^^^^^^^^^^^^^^^^^^^^^^^^^^^^^^^^^^^^^^^^^^^^^^^^^^^
/root/.venv/lib/python3.11/site-packages/requests/api.py:115: in post
    return request("post", url, data=data, json=json, **kwargs)
           ^^^^^^^^^^^^^^^^^^^^^^^^^^^^^^^^^^^^^^^^^^^^^^^^^^^^
/root/.venv/lib/python3.11/site-packages/requests/api.py:59: in request
    return session.request(method=method, url=url, **kwargs)
           ^^^^^^^^^^^^^^^^^^^^^^^^^^^^^^^^^^^^^^^^^^^^^^^^^
/root/.venv/lib/python3.11/site-packages/requests/sessions.py:589: in request
    resp = self.send(prep, **send_kwargs)
           ^^^^^^^^^^^^^^^^^^^^^^^^^^^^^^
/root/.venv/lib/python3.11/site-packages/requests/sessions.py:703: in send
    r = adapter.send(request, **kwargs)
        ^^^^^^^^^^^^^^^^^^^^^^^^^^^^^^^
/root/.venv/lib/python3.11/site-packages/requests/adapters.py:690: in send
    raise ReadTimeout(e, request=request)
E   requests.exceptions.ReadTimeout: HTTPSConnectionPool(host='study-outline-hub.preview.emergentagent.com', port=443): Read timed out. (read timeout=30)</failure></testcase><testcase classname="backend.tests.test_scholar_backend.TestStats" name="test_dashboard_stats" time="4.957" /></testsuite></testsuites>